<?xml version="1.0" encoding="UTF-8"?>
<!-- Generated by org.testng.reporters.JUnitReportReporter -->
<testsuite hostname="AMALITECH-PC-10199" failures="0" tests="5" name="Tests.TestMethods" time="2.079" errors="0" timestamp="2024-07-30T17:39:40 BST" skipped="0">
  <testcase classname="Tests.TestMethods" name="Shopping" time="0.393"/>
  <system-out/>
  <testcase classname="Tests.TestMethods" name="AddingItems" time="0.281"/>
  <system-out/>
  <testcase classname="Tests.TestMethods" name="Cart" time="0.134"/>
  <system-out/>
  <testcase classname="Tests.TestMethods" name="checkout" time="0.993"/>
  <system-out/>
  <testcase classname="Tests.TestMethods" name="Finish" time="0.278"/>
  <system-out/>
</testsuite> <!-- Tests.TestMethods -->
